[wbTest]
BackedUpInExportFile=E:\Ablage\Excel VBA\DevAndTest\Common\Obstructions\wbTest.cls
[wsTest1]
BackedUpInExportFile=E:\Ablage\Excel VBA\DevAndTest\Common\Obstructions\wsTest1.cls
[mTest]
BackedUpInExportFile=E:\Ablage\Excel VBA\DevAndTest\Common\Obstructions\mTest.bas
[mObstructions]
BackedUpInExportFile=E:\Ablage\Excel VBA\DevAndTest\Common\Obstructions\mObstructions.bas
[fErrMsg1]
BackedUpInExportFile=E:\Ablage\Excel VBA\DevAndTest\Common\Obstructions\fErrMsg1.frm
[mCstmVw]
BackedUpInExportFile=E:\Ablage\Excel VBA\DevAndTest\Common\Obstructions\mCstmVw.bas
[mWrkbk]
BackedUpInExportFile=E:\Ablage\Excel VBA\DevAndTest\Common\Obstructions\mWrkbk.bas
BackUpRenewed=21.03.2020 00:36:03
[fMsg]
BackUpRenewed=21.03.2020 00:36:02
[mCommon]
BackUpRenewed=21.03.2020 00:36:03
[mErrHndlr]
BackUpRenewed=21.03.2020 00:36:44
